TN:
SF:/Users/ld/Desktop/node.js学习/lesson06/text/main.text.js
FN:4,(anonymous_1)
FN:5,(anonymous_2)
FN:9,(anonymous_3)
FN:13,(anonymous_4)
FN:17,(anonymous_5)
FN:18,(anonymous_6)
FN:23,(anonymous_7)
FN:24,(anonymous_8)
FN:29,(anonymous_9)
FN:30,(anonymous_10)
FNF:10
FNH:10
FNDA:1,(anonymous_1)
FNDA:1,(anonymous_2)
FNDA:1,(anonymous_3)
FNDA:1,(anonymous_4)
FNDA:1,(anonymous_5)
FNDA:1,(anonymous_6)
FNDA:1,(anonymous_7)
FNDA:1,(anonymous_8)
FNDA:1,(anonymous_9)
FNDA:1,(anonymous_10)
DA:1,1
DA:2,1
DA:4,1
DA:5,1
DA:6,1
DA:9,1
DA:10,1
DA:13,1
DA:14,1
DA:17,1
DA:18,1
DA:19,1
DA:23,1
DA:24,1
DA:25,1
DA:29,1
DA:30,1
DA:31,1
LF:18
LH:18
BRF:0
BRH:0
end_of_record
TN:
SF:/Users/ld/Desktop/node.js学习/lesson06/main.js
FN:1,(anonymous_1)
FNF:1
FNH:1
FNDA:182,(anonymous_1)
DA:1,1
DA:2,182
DA:3,1
DA:5,181
DA:6,1
DA:8,180
DA:9,1
DA:11,179
DA:12,35
DA:14,144
DA:15,56
DA:18,88
DA:21,1
DA:23,1
DA:26,0
DA:27,0
LF:16
LH:14
BRDA:2,1,0,1
BRDA:2,1,1,181
BRDA:5,2,0,1
BRDA:5,2,1,180
BRDA:8,3,0,1
BRDA:8,3,1,179
BRDA:11,4,0,35
BRDA:11,4,1,144
BRDA:14,5,0,56
BRDA:14,5,1,88
BRDA:23,6,0,0
BRDA:23,6,1,1
BRF:12
BRH:11
end_of_record
